<?xml version="1.0" encoding="UTF-8"?>
<testng-results ignored="0" total="2" passed="2" failed="0" skipped="0">
  <reporter-output>
  </reporter-output>
  <suite started-at="2023-06-24T10:08:49 EEST" name="Default suite" finished-at="2023-06-24T10:09:08 EEST" duration-ms="19041">
    <groups>
    </groups>
    <test started-at="2023-06-24T10:08:49 EEST" name="Default test" finished-at="2023-06-24T10:09:08 EEST" duration-ms="19041">
      <class name="TestScenario.TestCases">
        <test-method is-config="true" signature="beforeTest()[pri:0, instance:TestScenario.TestCases@40226788]" started-at="2023-06-24T10:08:49 EEST" name="beforeTest" finished-at="2023-06-24T10:08:52 EEST" duration-ms="2150" status="PASS">
          <reporter-output>
          </reporter-output>
        </test-method> <!-- beforeTest -->
        <test-method signature="A_test()[pri:0, instance:TestScenario.TestCases@40226788]" started-at="2023-06-24T10:08:52 EEST" name="A_test" finished-at="2023-06-24T10:09:03 EEST" duration-ms="11451" status="PASS">
          <reporter-output>
          </reporter-output>
        </test-method> <!-- A_test -->
        <test-method signature="B_tetst()[pri:0, instance:TestScenario.TestCases@40226788]" started-at="2023-06-24T10:09:03 EEST" name="B_tetst" finished-at="2023-06-24T10:09:08 EEST" duration-ms="5177" status="PASS">
          <reporter-output>
          </reporter-output>
        </test-method> <!-- B_tetst -->
        <test-method is-config="true" signature="afterTest()[pri:0, instance:TestScenario.TestCases@40226788]" started-at="2023-06-24T10:09:08 EEST" name="afterTest" finished-at="2023-06-24T10:09:08 EEST" duration-ms="228" status="PASS">
          <reporter-output>
          </reporter-output>
        </test-method> <!-- afterTest -->
      </class> <!-- TestScenario.TestCases -->
    </test> <!-- Default test -->
  </suite> <!-- Default suite -->
</testng-results>
